<?xml version="1.0" encoding="UTF-8"?>
<!-- Generated by org.testng.reporters.JUnitXMLReporter -->
<testsuite ignored="3" hostname="LAPTOP-LP9QG413" failures="1" tests="3" name="Test" time="0.061" errors="0" timestamp="2021-03-09T20:35:09 EST">
  <testcase classname="Superstore.Walmart.FurnitureTest" name="Sofa" time="0.006">
    <failure type="java.lang.AssertionError" message="expected [b] but found [a]">
      <![CDATA[java.lang.AssertionError: expected [b] but found [a]
at Superstore.Walmart.FurnitureTest.Sofa(FurnitureTest.java:15)
at java.base/java.util.ArrayList.forEach(ArrayList.java:1510)
... Removed 37 stack frames]]>
    </failure>
  </testcase> <!-- Sofa -->
  <testcase classname="Superstore.Walmart.FurnitureTest" name="Table" time="0.0"/>
  <testcase classname="Superstore.Walmart.ToysTest" name="car" time="0.0"/>
  <testcase classname="Superstore.Walmart.ToysTest" name="guitar" time="0.0">
    <ignored/>
  </testcase> <!-- guitar -->
  <testcase classname="Superstore.Walmart.FurnitureTest" name="Bed" time="0.0">
    <ignored/>
  </testcase> <!-- Bed -->
  <testcase classname="Superstore.Walmart.ToysTest" name="piano" time="0.0">
    <ignored/>
  </testcase> <!-- piano -->
</testsuite> <!-- Test -->
